<?xml version="1.0" encoding="UTF-8"?>
<!-- Generated by org.testng.reporters.JUnitReportReporter -->
<testsuite hostname="Amits-MBP.hitronhub.home" failures="0" tests="1" name="tests.LoginTestK" time="16.303" errors="0" timestamp="2021-11-07T15:16:12 GMT-04:00" skipped="0">
  <testcase classname="tests.LoginTestK" name="loginWithWrongEmailAndPasswordTest" time="16.303"/>
  <system-out/>
</testsuite> <!-- tests.LoginTestK -->
