<?xml version="1.0" encoding="UTF-8"?>
<!-- Generated by org.testng.reporters.JUnitReportReporter -->
<testsuite hostname="Amits-MBP.hitronhub.home" failures="0" tests="4" name="tests.LoginTest" time="47.062" errors="0" timestamp="2021-11-14T12:09:12 GMT-04:00" skipped="0">
  <testcase classname="tests.LoginTest" name="loginWithWrongEmailandPasswordTest" time="9.358"/>
  <system-out/>
  <testcase classname="tests.LoginTest" name="loginWithEmptyEmailTest" time="10.062"/>
  <system-out/>
  <testcase classname="tests.LoginTest" name="loginWithEmptyPasswordTest" time="15.074"/>
  <system-out/>
  <testcase classname="tests.LoginTest" name="loginWithEmailSpecialCharTest" time="12.568"/>
  <system-out/>
</testsuite> <!-- tests.LoginTest -->
